\BOOKMARK [1][-]{section.1}{Introduction}{}% 1
\BOOKMARK [2][-]{subsection.1.1}{Historical Searches for Exoplanets}{section.1}% 2
\BOOKMARK [2][-]{subsection.1.2}{Exoplanet Detection Methods}{section.1}% 3
\BOOKMARK [2][-]{subsection.1.3}{Other Methods}{section.1}% 4
\BOOKMARK [1][-]{section.2}{Project Overview}{}% 5
\BOOKMARK [2][-]{subsection.2.1}{Fundamental Aims}{section.2}% 6
\BOOKMARK [2][-]{subsection.2.2}{Flow Summary}{section.2}% 7
\BOOKMARK [2][-]{subsection.2.3}{Orbital Elements}{section.2}% 8
\BOOKMARK [2][-]{subsection.2.4}{Anomalies}{section.2}% 9
\BOOKMARK [3][-]{subsubsection.2.4.1}{Mean Anomaly}{subsection.2.4}% 10
\BOOKMARK [3][-]{subsubsection.2.4.2}{Eccentric Anomaly}{subsection.2.4}% 11
\BOOKMARK [3][-]{subsubsection.2.4.3}{True Anomaly}{subsection.2.4}% 12
\BOOKMARK [2][-]{subsection.2.5}{Code Showing Variation in Mean, Eccentric, True Anomaly}{section.2}% 13
\BOOKMARK [2][-]{subsection.2.6}{The Light Curve}{section.2}% 14
\BOOKMARK [3][-]{subsubsection.2.6.1}{Flux}{subsection.2.6}% 15
\BOOKMARK [3][-]{subsubsection.2.6.2}{Limb Darkening}{subsection.2.6}% 16
\BOOKMARK [3][-]{subsubsection.2.6.3}{Quadratic Limb Darkening}{subsection.2.6}% 17
\BOOKMARK [3][-]{subsubsection.2.6.4}{Non-linear Limb Darkening}{subsection.2.6}% 18
\BOOKMARK [3][-]{subsubsection.2.6.5}{Code Showing the Quadratic Limb Darkening Profile}{subsection.2.6}% 19
\BOOKMARK [3][-]{subsubsection.2.6.6}{Full Transit Curve}{subsection.2.6}% 20
\BOOKMARK [2][-]{subsection.2.7}{Radial Velocity}{section.2}% 21
\BOOKMARK [3][-]{subsubsection.2.7.1}{Radial Velocity Equation}{subsection.2.7}% 22
\BOOKMARK [2][-]{subsection.2.8}{An Interlude on Units}{section.2}% 23
\BOOKMARK [1][-]{section.3}{The Exoplanet Model}{}% 24
\BOOKMARK [2][-]{subsection.3.1}{Notes on the Code}{section.3}% 25
\BOOKMARK [2][-]{subsection.3.2}{The Code}{section.3}% 26
\BOOKMARK [1][-]{section.4}{Exoplanet Case Studies}{}% 27
\BOOKMARK [2][-]{subsection.4.1}{HD 17156}{section.4}% 28
\BOOKMARK [3][-]{subsubsection.4.1.1}{Transit}{subsection.4.1}% 29
\BOOKMARK [3][-]{subsubsection.4.1.2}{Radial Velocity}{subsection.4.1}% 30
\BOOKMARK [2][-]{subsection.4.2}{TrES-3}{section.4}% 31
\BOOKMARK [3][-]{subsubsection.4.2.1}{Transit}{subsection.4.2}% 32
\BOOKMARK [3][-]{subsubsection.4.2.2}{Radial Velocity}{subsection.4.2}% 33
\BOOKMARK [1][-]{section.5}{Conclusion}{}% 34
\BOOKMARK [2][-]{subsection.5.1}{Limitations of the Model}{section.5}% 35
\BOOKMARK [2][-]{subsection.5.2}{Further Development}{section.5}% 36
